<?xml version="1.0" encoding="UTF-8"?>
<!-- Generated by org.testng.reporters.JUnitXMLReporter -->
<testsuite ignored="0" hostname="LAPTOP-5SGBOTO1" failures="0" tests="4" name="Test" time="0.05" errors="0" timestamp="2024-09-06T11:19:37 IST">
  <testcase classname="framework.Test_Demo" name="test" time="0.007"/>
  <testcase classname="framework.Test_Demo" name="test2" time="0.002"/>
  <testcase classname="framework.Test_Demo2" name="test" time="0.002"/>
  <testcase classname="framework.Test_Demo2" name="test2" time="0.002"/>
</testsuite> <!-- Test -->
