<?xml version="1.0" encoding="UTF-8"?>
<!-- Generated by org.testng.reporters.JUnitReportReporter -->
<testsuite hostname="LAPTOP-5SGBOTO1" failures="0" tests="2" name="framework.Test_Demo" time="0.009" errors="0" timestamp="2024-09-06T11:19:37 IST" skipped="0">
  <testcase classname="framework.Test_Demo" name="test2" time="0.002">
    <system-out>
      <![CDATA[hello]]>
    </system-out>
  </testcase> <!-- test2 -->
  <testcase classname="framework.Test_Demo" name="test" time="0.007">
    <system-out>
      <![CDATA[hii]]>
    </system-out>
  </testcase> <!-- test -->
  <system-out>
    <![CDATA[hii
hello
Baidya
byyy]]>
  </system-out>
</testsuite> <!-- framework.Test_Demo -->
