<?xml version="1.0" encoding="UTF-8"?>
<!-- Generated by org.testng.reporters.JUnitReportReporter -->
<testsuite hostname="LAPTOP-5SGBOTO1" failures="0" tests="4" name="framework.Multipletime_run" time="0.015" errors="0" timestamp="2024-09-09T11:56:32 IST" skipped="0">
  <testcase classname="framework.Multipletime_run" name="test" time="0.001">
    <system-out>
      <![CDATA[Hii Baidya]]>
    </system-out>
  </testcase> <!-- test -->
  <testcase classname="framework.Multipletime_run" name="test" time="0.002">
    <system-out>
      <![CDATA[Hii Baidya]]>
    </system-out>
  </testcase> <!-- test -->
  <testcase classname="framework.Multipletime_run" name="test" time="0.001">
    <system-out>
      <![CDATA[Hii Baidya]]>
    </system-out>
  </testcase> <!-- test -->
  <testcase classname="framework.Multipletime_run" name="test" time="0.011">
    <system-out>
      <![CDATA[Hii Baidya]]>
    </system-out>
  </testcase> <!-- test -->
  <system-out>
    <![CDATA[Hii Baidya
Hii Baidya
Hii Baidya
Hii Baidya]]>
  </system-out>
</testsuite> <!-- framework.Multipletime_run -->
