<?xml version="1.0" encoding="UTF-8"?>
<!-- Generated by org.testng.reporters.JUnitReportReporter -->
<testsuite hostname="LAPTOP-5SGBOTO1" failures="0" tests="2" name="framework.Test_Demo2" time="0.004" errors="0" timestamp="2024-09-06T11:19:37 IST" skipped="0">
  <testcase classname="framework.Test_Demo2" name="test" time="0.002">
    <system-out>
      <![CDATA[Baidya]]>
    </system-out>
  </testcase> <!-- test -->
  <testcase classname="framework.Test_Demo2" name="test2" time="0.002">
    <system-out>
      <![CDATA[byyy]]>
    </system-out>
  </testcase> <!-- test2 -->
  <system-out>
    <![CDATA[hii
hello
Baidya
byyy]]>
  </system-out>
</testsuite> <!-- framework.Test_Demo2 -->
